Arguments: 
  /Users/chenguanhua/.nvm/versions/node/v12.11.1/bin/node /Users/chenguanhua/.yarn/bin/yarn.js

PATH: 
  /Users/chenguanhua/.yarn/bin:/Users/chenguanhua/.config/yarn/global/node_modules/.bin:/Users/chenguanhua/.nvm/versions/node/v12.11.1/bin:/usr/local/bin:/usr/bin:/bin:/usr/sbin:/sbin:/Library/Apple/usr/bin

Yarn version: 
  1.19.1

Node version: 
  12.11.1

Platform: 
  darwin x64

Trace: 
  SyntaxError: /Users/chenguanhua/WeChatProjects/weappDemo/package.json: Unexpected token } in JSON at position 257
      at JSON.parse (<anonymous>)
      at /Users/chenguanhua/.yarn/lib/cli.js:1625:59
      at Generator.next (<anonymous>)
      at step (/Users/chenguanhua/.yarn/lib/cli.js:304:30)
      at /Users/chenguanhua/.yarn/lib/cli.js:315:13

npm manifest: 
  {
    "name": "tuya-weapp-demo",
    "version": "1.0.0",
    "description": "",
    "main": "app.js",
    "scripts": {
      "test": "echo \"Error: no test specified\" && exit 1"
    },
    "author": "",
    "license": "MIT",
    "dependencies": {
      "crypto-js": "^4.0.0",
    }
  }

yarn manifest: 
  No manifest

Lockfile: 
  # THIS IS AN AUTOGENERATED FILE. DO NOT EDIT THIS FILE DIRECTLY.
  # yarn lockfile v1
  
  
  crypto-js@^4.0.0:
    version "4.0.0"
    resolved "https://registry.npm.taobao.org/crypto-js/download/crypto-js-4.0.0.tgz#2904ab2677a9d042856a2ea2ef80de92e4a36dcc"
    integrity sha1-KQSrJnep0EKFai6i74DekuSjbcw=
  
  deep-diff@^0.3.5:
    version "0.3.8"
    resolved "https://registry.npm.taobao.org/deep-diff/download/deep-diff-0.3.8.tgz#c01de63efb0eec9798801d40c7e0dae25b582c84"
    integrity sha1-wB3mPvsO7JeYgB1Ax+Da4ltYLIQ=
  
  invariant@^2.2.4:
    version "2.2.4"
    resolved "https://registry.npm.taobao.org/invariant/download/invariant-2.2.4.tgz#610f3c92c9359ce1db616e538008d23ff35158e6"
    integrity sha1-YQ88ksk1nOHbYW5TgAjSP/NRWOY=
    dependencies:
      loose-envify "^1.0.0"
  
  "js-tokens@^3.0.0 || ^4.0.0":
    version "4.0.0"
    resolved "https://registry.npm.taobao.org/js-tokens/download/js-tokens-4.0.0.tgz?cache=0&sync_timestamp=1586796260005&other_urls=https%3A%2F%2Fregistry.npm.taobao.org%2Fjs-tokens%2Fdownload%2Fjs-tokens-4.0.0.tgz#19203fb59991df98e3a287050d4647cdeaf32499"
    integrity sha1-GSA/tZmR35jjoocFDUZHzerzJJk=
  
  just-curry-it@^3.1.0:
    version "3.1.0"
    resolved "https://registry.npm.taobao.org/just-curry-it/download/just-curry-it-3.1.0.tgz#ab59daed308a58b847ada166edd0a2d40766fbc5"
    integrity sha1-q1na7TCKWLhHraFm7dCi1Adm+8U=
  
  loose-envify@^1.0.0, loose-envify@^1.4.0:
    version "1.4.0"
    resolved "https://registry.npm.taobao.org/loose-envify/download/loose-envify-1.4.0.tgz#71ee51fa7be4caec1a63839f7e682d8132d30caf"
    integrity sha1-ce5R+nvkyuwaY4OffmgtgTLTDK8=
    dependencies:
      js-tokens "^3.0.0 || ^4.0.0"
  
  reduce-reducers@^0.4.3:
    version "0.4.3"
    resolved "https://registry.npm.taobao.org/reduce-reducers/download/reduce-reducers-0.4.3.tgz#8e052618801cd8fc2714b4915adaa8937eb6d66c"
    integrity sha1-jgUmGIAc2PwnFLSRWtqok3621mw=
  
  redux-actions@^2.6.5:
    version "2.6.5"
    resolved "https://registry.npm.taobao.org/redux-actions/download/redux-actions-2.6.5.tgz#bdca548768ee99832a63910c276def85e821a27e"
    integrity sha1-vcpUh2jumYMqY5EMJ23vheghon4=
    dependencies:
      invariant "^2.2.4"
      just-curry-it "^3.1.0"
      loose-envify "^1.4.0"
      reduce-reducers "^0.4.3"
      to-camel-case "^1.0.0"
  
  redux-logger@^3.0.6:
    version "3.0.6"
    resolved "https://registry.npm.taobao.org/redux-logger/download/redux-logger-3.0.6.tgz#f7555966f3098f3c88604c449cf0baf5778274bf"
    integrity sha1-91VZZvMJjzyIYExEnPC69XeCdL8=
    dependencies:
      deep-diff "^0.3.5"
  
  redux-thunk@^2.3.0:
    version "2.3.0"
    resolved "https://registry.npm.taobao.org/redux-thunk/download/redux-thunk-2.3.0.tgz#51c2c19a185ed5187aaa9a2d08b666d0d6467622"
    integrity sha1-UcLBmhhe1Rh6qpotCLZm0NZGdiI=
  
  redux@^4.0.5:
    version "4.0.5"
    resolved "https://registry.npm.taobao.org/redux/download/redux-4.0.5.tgz#4db5de5816e17891de8a80c424232d06f051d93f"
    integrity sha1-TbXeWBbheJHeioDEJCMtBvBR2T8=
    dependencies:
      loose-envify "^1.4.0"
      symbol-observable "^1.2.0"
  
  symbol-observable@^1.2.0:
    version "1.2.0"
    resolved "https://registry.npm.taobao.org/symbol-observable/download/symbol-observable-1.2.0.tgz#c22688aed4eab3cdc2dfeacbb561660560a00804"
    integrity sha1-wiaIrtTqs83C3+rLtWFmBWCgCAQ=
  
  to-camel-case@^1.0.0:
    version "1.0.0"
    resolved "https://registry.npm.taobao.org/to-camel-case/download/to-camel-case-1.0.0.tgz#1a56054b2f9d696298ce66a60897322b6f423e46"
    integrity sha1-GlYFSy+daWKYzmamCJcyK29CPkY=
    dependencies:
      to-space-case "^1.0.0"
  
  to-no-case@^1.0.0:
    version "1.0.2"
    resolved "https://registry.npm.taobao.org/to-no-case/download/to-no-case-1.0.2.tgz#c722907164ef6b178132c8e69930212d1b4aa16a"
    integrity sha1-xyKQcWTvaxeBMsjmmTAhLRtKoWo=
  
  to-space-case@^1.0.0:
    version "1.0.0"
    resolved "https://registry.npm.taobao.org/to-space-case/download/to-space-case-1.0.0.tgz#b052daafb1b2b29dc770cea0163e5ec0ebc9fc17"
    integrity sha1-sFLar7Gysp3HcM6gFj5ewOvJ/Bc=
    dependencies:
      to-no-case "^1.0.0"
